<?xml version="1.0" encoding="UTF-8"?>
<!-- Generated by org.testng.reporters.JUnitReportReporter -->
<testsuite hostname="DESKTOP-2VATF88" name="apipakage.GetPublicUsersAuth" tests="1" failures="0" timestamp="19 Jun 2020 14:36:42 GMT" time="1.604" errors="0">
  <testcase name="getAuth" time="1.604" classname="apipakage.GetPublicUsersAuth"/>
</testsuite> <!-- apipakage.GetPublicUsersAuth -->
